This is XeTeX, Version 3.141592653-2.6-0.999996 (TeX Live 2024) (preloaded format=xelatex 2024.11.2)  2 NOV 2024 16:48
entering extended mode
 restricted \write18 enabled.
 %&-line parsing enabled.
**2024CeattleAssmnt.tex
(./2024CeattleAssmnt.tex
LaTeX2e <2024-11-01>
L3 programming layer <2024-10-09>
(/Users/KKH/Library/TinyTeX/texmf-dist/tex/latex/base/article.cls
Document Class: article 2024/06/29 v1.4n Standard LaTeX document class
(/Users/KKH/Library/TinyTeX/texmf-dist/tex/latex/base/size10.clo
File: size10.clo 2024/06/29 v1.4n Standard LaTeX file (size option)
)
\c@part=\count192
\c@section=\count193
\c@subsection=\count194
\c@subsubsection=\count195
\c@paragraph=\count196
\c@subparagraph=\count197
\c@figure=\count198
\c@table=\count199
\abovecaptionskip=\skip49
\belowcaptionskip=\skip50
\bibindent=\dimen141
) (/Users/KKH/Library/TinyTeX/texmf-dist/tex/latex/amsmath/amsmath.sty
Package: amsmath 2024/10/30 v2.17s AMS math features
\@mathmargin=\skip51
For additional information on amsmath, use the `?' option.
(/Users/KKH/Library/TinyTeX/texmf-dist/tex/latex/amsmath/amstext.sty
Package: amstext 2021/08/26 v2.01 AMS text
(/Users/KKH/Library/TinyTeX/texmf-dist/tex/latex/amsmath/amsgen.sty
File: amsgen.sty 1999/11/30 v2.0 generic functions
\@emptytoks=\toks17
\ex@=\dimen142
)) (/Users/KKH/Library/TinyTeX/texmf-dist/tex/latex/amsmath/amsbsy.sty
Package: amsbsy 1999/11/29 v1.2d Bold Symbols
\pmbraise@=\dimen143
) (/Users/KKH/Library/TinyTeX/texmf-dist/tex/latex/amsmath/amsopn.sty
Package: amsopn 2022/04/08 v2.04 operator names
)
\inf@bad=\count266
LaTeX Info: Redefining \frac on input line 233.
\uproot@=\count267
\leftroot@=\count268
LaTeX Info: Redefining \overline on input line 398.
LaTeX Info: Redefining \colon on input line 409.
\classnum@=\count269
\DOTSCASE@=\count270
LaTeX Info: Redefining \ldots on input line 502.
LaTeX Info: Redefining \dots on input line 505.
LaTeX Info: Redefining \cdots on input line 638.
\Mathstrutbox@=\box52
\strutbox@=\box53
LaTeX Info: Redefining \big on input line 740.
LaTeX Info: Redefining \Big on input line 741.
LaTeX Info: Redefining \bigg on input line 742.
LaTeX Info: Redefining \Bigg on input line 743.
\big@size=\dimen144
LaTeX Font Info:    Redeclaring font encoding OML on input line 761.
LaTeX Font Info:    Redeclaring font encoding OMS on input line 762.
\macc@depth=\count271
LaTeX Info: Redefining \bmod on input line 923.
LaTeX Info: Redefining \pmod on input line 928.
LaTeX Info: Redefining \smash on input line 958.
LaTeX Info: Redefining \relbar on input line 988.
LaTeX Info: Redefining \Relbar on input line 989.
\c@MaxMatrixCols=\count272
\dotsspace@=\muskip17
\c@parentequation=\count273
\dspbrk@lvl=\count274
\tag@help=\toks18
\row@=\count275
\column@=\count276
\maxfields@=\count277
\andhelp@=\toks19
\eqnshift@=\dimen145
\alignsep@=\dimen146
\tagshift@=\dimen147
\tagwidth@=\dimen148
\totwidth@=\dimen149
\lineht@=\dimen150
\@envbody=\toks20
\multlinegap=\skip52
\multlinetaggap=\skip53
\mathdisplay@stack=\toks21
LaTeX Info: Redefining \[ on input line 2972.
LaTeX Info: Redefining \] on input line 2973.
) (/Users/KKH/Library/TinyTeX/texmf-dist/tex/latex/amsfonts/amssymb.sty
Package: amssymb 2013/01/14 v3.01 AMS font symbols
(/Users/KKH/Library/TinyTeX/texmf-dist/tex/latex/amsfonts/amsfonts.sty
Package: amsfonts 2013/01/14 v3.01 Basic AMSFonts support
\symAMSa=\mathgroup4
\symAMSb=\mathgroup5
LaTeX Font Info:    Redeclaring math symbol \hbar on input line 98.
LaTeX Font Info:    Overwriting math alphabet `\mathfrak' in version `bold'
(Font)                  U/euf/m/n --> U/euf/b/n on input line 106.
)) (/Users/KKH/Library/TinyTeX/texmf-dist/tex/generic/iftex/iftex.sty
Package: iftex 2022/02/03 v1.0f TeX engine tests
) (/Users/KKH/Library/TinyTeX/texmf-dist/tex/latex/unicode-math/unicode-math.sty (/Users/KKH/Library/TinyTeX/texmf-dist/tex/latex/l3kernel/expl3.sty
Package: expl3 2024-10-09 L3 programming layer (loader) 
(/Users/KKH/Library/TinyTeX/texmf-dist/tex/latex/l3backend/l3backend-xetex.def
File: l3backend-xetex.def 2024-05-08 L3 backend support: XeTeX
\g__graphics_track_int=\count278
\l__pdf_internal_box=\box54
\g__pdf_backend_annotation_int=\count279
\g__pdf_backend_link_int=\count280
))
Package: unicode-math 2023/08/13 v0.8r Unicode maths in XeLaTeX and LuaLaTeX
(/Users/KKH/Library/TinyTeX/texmf-dist/tex/latex/unicode-math/unicode-math-xetex.sty
Package: unicode-math-xetex 2023/08/13 v0.8r Unicode maths in XeLaTeX and LuaLaTeX
(/Users/KKH/Library/TinyTeX/texmf-dist/tex/latex/l3packages/xparse/xparse.sty
Package: xparse 2024-08-16 L3 Experimental document command parser
) (/Users/KKH/Library/TinyTeX/texmf-dist/tex/latex/l3packages/l3keys2e/l3keys2e.sty
Package: l3keys2e 2024-08-16 LaTeX2e option processing using LaTeX3 keys
) (/Users/KKH/Library/TinyTeX/texmf-dist/tex/latex/fontspec/fontspec.sty
Package: fontspec 2024/05/11 v2.9e Font selection for XeLaTeX and LuaLaTeX
(/Users/KKH/Library/TinyTeX/texmf-dist/tex/latex/fontspec/fontspec-xetex.sty
Package: fontspec-xetex 2024/05/11 v2.9e Font selection for XeLaTeX and LuaLaTeX
\l__fontspec_script_int=\count281
\l__fontspec_language_int=\count282
\l__fontspec_strnum_int=\count283
\l__fontspec_tmp_int=\count284
\l__fontspec_tmpa_int=\count285
\l__fontspec_tmpb_int=\count286
\l__fontspec_tmpc_int=\count287
\l__fontspec_em_int=\count288
\l__fontspec_emdef_int=\count289
\l__fontspec_strong_int=\count290
\l__fontspec_strongdef_int=\count291
\l__fontspec_tmpa_dim=\dimen151
\l__fontspec_tmpb_dim=\dimen152
\l__fontspec_tmpc_dim=\dimen153
(/Users/KKH/Library/TinyTeX/texmf-dist/tex/latex/base/fontenc.sty
Package: fontenc 2021/04/29 v2.0v Standard LaTeX package
) (/Users/KKH/Library/TinyTeX/texmf-dist/tex/latex/fontspec/fontspec.cfg))) (/Users/KKH/Library/TinyTeX/texmf-dist/tex/latex/base/fix-cm.sty
Package: fix-cm 2020/11/24 v1.1t fixes to LaTeX
(/Users/KKH/Library/TinyTeX/texmf-dist/tex/latex/base/ts1enc.def
File: ts1enc.def 2001/06/05 v3.0e (jk/car/fm) Standard LaTeX file
LaTeX Font Info:    Redeclaring font encoding TS1 on input line 47.
))
\g__um_fam_int=\count292
\g__um_fonts_used_int=\count293
\l__um_primecount_int=\count294
\g__um_primekern_muskip=\muskip18
(/Users/KKH/Library/TinyTeX/texmf-dist/tex/latex/unicode-math/unicode-math-table.tex))) (/Users/KKH/Library/TinyTeX/texmf-dist/tex/latex/lm/lmodern.sty
Package: lmodern 2015/05/01 v1.6.1 Latin Modern Fonts
LaTeX Font Info:    Overwriting symbol font `operators' in version `normal'
(Font)                  OT1/cmr/m/n --> OT1/lmr/m/n on input line 22.
LaTeX Font Info:    Overwriting symbol font `letters' in version `normal'
(Font)                  OML/cmm/m/it --> OML/lmm/m/it on input line 23.
LaTeX Font Info:    Overwriting symbol font `symbols' in version `normal'
(Font)                  OMS/cmsy/m/n --> OMS/lmsy/m/n on input line 24.
LaTeX Font Info:    Overwriting symbol font `largesymbols' in version `normal'
(Font)                  OMX/cmex/m/n --> OMX/lmex/m/n on input line 25.
LaTeX Font Info:    Overwriting symbol font `operators' in version `bold'
(Font)                  OT1/cmr/bx/n --> OT1/lmr/bx/n on input line 26.
LaTeX Font Info:    Overwriting symbol font `letters' in version `bold'
(Font)                  OML/cmm/b/it --> OML/lmm/b/it on input line 27.
LaTeX Font Info:    Overwriting symbol font `symbols' in version `bold'
(Font)                  OMS/cmsy/b/n --> OMS/lmsy/b/n on input line 28.
LaTeX Font Info:    Overwriting symbol font `largesymbols' in version `bold'
(Font)                  OMX/cmex/m/n --> OMX/lmex/m/n on input line 29.
LaTeX Font Info:    Overwriting math alphabet `\mathbf' in version `normal'
(Font)                  OT1/cmr/bx/n --> OT1/lmr/bx/n on input line 31.
LaTeX Font Info:    Overwriting math alphabet `\mathsf' in version `normal'
(Font)                  OT1/cmss/m/n --> OT1/lmss/m/n on input line 32.
LaTeX Font Info:    Overwriting math alphabet `\mathit' in version `normal'
(Font)                  OT1/cmr/m/it --> OT1/lmr/m/it on input line 33.
LaTeX Font Info:    Overwriting math alphabet `\mathtt' in version `normal'
(Font)                  OT1/cmtt/m/n --> OT1/lmtt/m/n on input line 34.
LaTeX Font Info:    Overwriting math alphabet `\mathbf' in version `bold'
(Font)                  OT1/cmr/bx/n --> OT1/lmr/bx/n on input line 35.
LaTeX Font Info:    Overwriting math alphabet `\mathsf' in version `bold'
(Font)                  OT1/cmss/bx/n --> OT1/lmss/bx/n on input line 36.
LaTeX Font Info:    Overwriting math alphabet `\mathit' in version `bold'
(Font)                  OT1/cmr/bx/it --> OT1/lmr/bx/it on input line 37.
LaTeX Font Info:    Overwriting math alphabet `\mathtt' in version `bold'
(Font)                  OT1/cmtt/m/n --> OT1/lmtt/m/n on input line 38.
) (/Users/KKH/Library/TinyTeX/texmf-dist/tex/latex/xcolor/xcolor.sty
Package: xcolor 2024/09/29 v3.02 LaTeX color extensions (UK)
(/Users/KKH/Library/TinyTeX/texmf-dist/tex/latex/graphics-cfg/color.cfg
File: color.cfg 2016/01/02 v1.6 sample color configuration
)
Package xcolor Info: Driver file: xetex.def on input line 274.
(/Users/KKH/Library/TinyTeX/texmf-dist/tex/latex/graphics-def/xetex.def
File: xetex.def 2022/09/22 v5.0n Graphics/color driver for xetex
) (/Users/KKH/Library/TinyTeX/texmf-dist/tex/latex/graphics/mathcolor.ltx)
Package xcolor Info: Model `cmy' substituted by `cmy0' on input line 1349.
Package xcolor Info: Model `RGB' extended on input line 1365.
Package xcolor Info: Model `HTML' substituted by `rgb' on input line 1367.
Package xcolor Info: Model `Hsb' substituted by `hsb' on input line 1368.
Package xcolor Info: Model `tHsb' substituted by `hsb' on input line 1369.
Package xcolor Info: Model `HSB' substituted by `hsb' on input line 1370.
Package xcolor Info: Model `Gray' substituted by `gray' on input line 1371.
Package xcolor Info: Model `wave' substituted by `hsb' on input line 1372.
) (/Users/KKH/Library/TinyTeX/texmf-dist/tex/latex/geometry/geometry.sty
Package: geometry 2020/01/02 v5.9 Page Geometry
(/Users/KKH/Library/TinyTeX/texmf-dist/tex/latex/graphics/keyval.sty
Package: keyval 2022/05/29 v1.15 key=value parser (DPC)
\KV@toks@=\toks22
) (/Users/KKH/Library/TinyTeX/texmf-dist/tex/generic/iftex/ifvtex.sty
Package: ifvtex 2019/10/25 v1.7 ifvtex legacy package. Use iftex instead.
)
\Gm@cnth=\count295
\Gm@cntv=\count296
\c@Gm@tempcnt=\count297
\Gm@bindingoffset=\dimen154
\Gm@wd@mp=\dimen155
\Gm@odd@mp=\dimen156
\Gm@even@mp=\dimen157
\Gm@layoutwidth=\dimen158
\Gm@layoutheight=\dimen159
\Gm@layouthoffset=\dimen160
\Gm@layoutvoffset=\dimen161
\Gm@dimlist=\toks23
) (/Users/KKH/Library/TinyTeX/texmf-dist/tex/latex/tools/longtable.sty
Package: longtable 2024-10-27 v4.22 Multi-page Table package (DPC)
\LTleft=\skip54
\LTright=\skip55
\LTpre=\skip56
\LTpost=\skip57
\LTchunksize=\count298
\LTcapwidth=\dimen162
\LT@head=\box55
\LT@firsthead=\box56
\LT@foot=\box57
\LT@lastfoot=\box58
\LT@gbox=\box59
\LT@cols=\count299
\LT@rows=\count300
\c@LT@tables=\count301
\c@LT@chunks=\count302
\LT@p@ftn=\toks24
) (/Users/KKH/Library/TinyTeX/texmf-dist/tex/latex/booktabs/booktabs.sty
Package: booktabs 2020/01/12 v1.61803398 Publication quality tables
\heavyrulewidth=\dimen163
\lightrulewidth=\dimen164
\cmidrulewidth=\dimen165
\belowrulesep=\dimen166
\belowbottomsep=\dimen167
\aboverulesep=\dimen168
\abovetopsep=\dimen169
\cmidrulesep=\dimen170
\cmidrulekern=\dimen171
\defaultaddspace=\dimen172
\@cmidla=\count303
\@cmidlb=\count304
\@aboverulesep=\dimen173
\@belowrulesep=\dimen174
\@thisruleclass=\count305
\@lastruleclass=\count306
\@thisrulewidth=\dimen175
) (/Users/KKH/Library/TinyTeX/texmf-dist/tex/latex/tools/array.sty
Package: array 2024/10/17 v2.6g Tabular extension package (FMi)
\col@sep=\dimen176
\ar@mcellbox=\box60
\extrarowheight=\dimen177
\NC@list=\toks25
\extratabsurround=\skip58
\backup@length=\skip59
\ar@cellbox=\box61
) (/Users/KKH/Library/TinyTeX/texmf-dist/tex/latex/tools/calc.sty
Package: calc 2023/07/08 v4.3 Infix arithmetic (KKT,FJ)
\calc@Acount=\count307
\calc@Bcount=\count308
\calc@Adimen=\dimen178
\calc@Bdimen=\dimen179
\calc@Askip=\skip60
\calc@Bskip=\skip61
LaTeX Info: Redefining \setlength on input line 80.
LaTeX Info: Redefining \addtolength on input line 81.
\calc@Ccount=\count309
\calc@Cskip=\skip62
) (/Users/KKH/Library/TinyTeX/texmf-dist/tex/latex/etoolbox/etoolbox.sty
Package: etoolbox 2020/10/05 v2.5k e-TeX tools for LaTeX (JAW)
\etb@tempcnta=\count310
) (/Users/KKH/Library/TinyTeX/texmf-dist/tex/latex/mdwtools/footnote.sty
Package: footnote 1997/01/28 1.13 Save footnotes around boxes
\fn@notes=\box62
\fn@width=\dimen180
) (/Users/KKH/Library/TinyTeX/texmf-dist/tex/latex/graphics/graphicx.sty
Package: graphicx 2021/09/16 v1.2d Enhanced LaTeX Graphics (DPC,SPQR)
(/Users/KKH/Library/TinyTeX/texmf-dist/tex/latex/graphics/graphics.sty
Package: graphics 2024/08/06 v1.4g Standard LaTeX Graphics (DPC,SPQR)
(/Users/KKH/Library/TinyTeX/texmf-dist/tex/latex/graphics/trig.sty
Package: trig 2023/12/02 v1.11 sin cos tan (DPC)
) (/Users/KKH/Library/TinyTeX/texmf-dist/tex/latex/graphics-cfg/graphics.cfg
File: graphics.cfg 2016/06/04 v1.11 sample graphics configuration
)
Package graphics Info: Driver file: xetex.def on input line 106.
)
\Gin@req@height=\dimen181
\Gin@req@width=\dimen182
) (/Users/KKH/Library/TinyTeX/texmf-dist/tex/latex/multirow/multirow.sty
Package: multirow 2021/03/15 v2.8 Span multiple rows of a table
\multirow@colwidth=\skip63
\multirow@cntb=\count311
\multirow@dima=\skip64
\bigstrutjot=\dimen183
) (/Users/KKH/Library/TinyTeX/texmf-dist/tex/latex/wrapfig/wrapfig.sty
\wrapoverhang=\dimen184
\WF@size=\dimen185
\c@WF@wrappedlines=\count312
\WF@box=\box63
\WF@everypar=\toks26
Package: wrapfig 2003/01/31  v 3.6
) (/Users/KKH/Library/TinyTeX/texmf-dist/tex/latex/float/float.sty
Package: float 2001/11/08 v1.3d Float enhancements (AL)
\c@float@type=\count313
\float@exts=\toks27
\float@box=\box64
\@float@everytoks=\toks28
\@floatcapt=\box65
) (/Users/KKH/Library/TinyTeX/texmf-dist/tex/latex/colortbl/colortbl.sty
Package: colortbl 2024/07/06 v1.0i Color table columns (DPC)
\everycr=\toks29
\minrowclearance=\skip65
\rownum=\count314
) (/Users/KKH/Library/TinyTeX/texmf-dist/tex/latex/pdflscape/pdflscape.sty
Package: pdflscape 2022-10-27 v0.13 Display of landscape pages in PDF
(/Users/KKH/Library/TinyTeX/texmf-dist/tex/latex/pdflscape/pdflscape-nometadata.sty
Package: pdflscape-nometadata 2022-10-28 v0.13 Display of landscape pages in PDF (HO)
(/Users/KKH/Library/TinyTeX/texmf-dist/tex/latex/graphics/lscape.sty
Package: lscape 2020/05/28 v3.02 Landscape Pages (DPC)
)
Package pdflscape Info: Auto-detected driver: dvipdfm (xetex) on input line 98.
)) (/Users/KKH/Library/TinyTeX/texmf-dist/tex/latex/tabu/tabu.sty
Package: tabu 2019/01/11 v2.9 - flexible LaTeX tabulars (FC+tabu-fixed)
(/Users/KKH/Library/TinyTeX/texmf-dist/tex/latex/varwidth/varwidth.sty
Package: varwidth 2009/03/30 ver 0.92;  Variable-width minipages
\@vwid@box=\box66
\sift@deathcycles=\count315
\@vwid@loff=\dimen186
\@vwid@roff=\dimen187
)
\c@taburow=\count316
\tabu@nbcols=\count317
\tabu@cnt=\count318
\tabu@Xcol=\count319
\tabu@alloc=\count320
\tabu@nested=\count321
\tabu@target=\dimen188
\tabu@spreadtarget=\dimen189
\tabu@naturalX=\dimen190
\tabucolX=\dimen191
\tabu@Xsum=\dimen192
\extrarowdepth=\dimen193
\abovetabulinesep=\dimen194
\belowtabulinesep=\dimen195
\tabustrutrule=\dimen196
\tabu@thebody=\toks30
\tabu@footnotes=\toks31
\tabu@box=\box67
\tabu@arstrutbox=\box68
\tabu@hleads=\box69
\tabu@vleads=\box70
\tabu@cellskip=\skip66
) (/Users/KKH/Library/TinyTeX/texmf-dist/tex/latex/threeparttable/threeparttable.sty
Package: threeparttable 2003/06/13  v 3.0
\@tempboxb=\box71
) (/Users/KKH/Library/TinyTeX/texmf-dist/tex/latex/threeparttablex/threeparttablex.sty
Package: threeparttablex 2013/07/23 v0.3 by daleif
(/Users/KKH/Library/TinyTeX/texmf-dist/tex/latex/environ/environ.sty
Package: environ 2014/05/04 v0.3 A new way to define environments
(/Users/KKH/Library/TinyTeX/texmf-dist/tex/latex/trimspaces/trimspaces.sty
Package: trimspaces 2009/09/17 v1.1 Trim spaces around a token list
))
\TPTL@width=\skip67
) (/Users/KKH/Library/TinyTeX/texmf-dist/tex/generic/ulem/ulem.sty
\UL@box=\box72
\UL@hyphenbox=\box73
\UL@skip=\skip68
\UL@hook=\toks32
\UL@height=\dimen197
\UL@pe=\count322
\UL@pixel=\dimen198
\ULC@box=\box74
Package: ulem 2019/11/18
\ULdepth=\dimen199
) (/Users/KKH/Library/TinyTeX/texmf-dist/tex/latex/makecell/makecell.sty
Package: makecell 2009/08/03 V0.1e Managing of Tab Column Heads and Cells
\rotheadsize=\dimen256
\c@nlinenum=\count323
\TeXr@lab=\toks33
) (/Users/KKH/Library/TinyTeX/texmf-dist/tex/latex/bookmark/bookmark.sty
Package: bookmark 2023-12-10 v1.31 PDF bookmarks (HO)
(/Users/KKH/Library/TinyTeX/texmf-dist/tex/latex/hyperref/hyperref.sty
Package: hyperref 2024-10-30 v7.01k Hypertext links for LaTeX
(/Users/KKH/Library/TinyTeX/texmf-dist/tex/latex/kvsetkeys/kvsetkeys.sty
Package: kvsetkeys 2022-10-05 v1.19 Key value parser (HO)
) (/Users/KKH/Library/TinyTeX/texmf-dist/tex/generic/kvdefinekeys/kvdefinekeys.sty
Package: kvdefinekeys 2019-12-19 v1.6 Define keys (HO)
) (/Users/KKH/Library/TinyTeX/texmf-dist/tex/generic/pdfescape/pdfescape.sty
Package: pdfescape 2019/12/09 v1.15 Implements pdfTeX's escape features (HO)
(/Users/KKH/Library/TinyTeX/texmf-dist/tex/generic/ltxcmds/ltxcmds.sty
Package: ltxcmds 2023-12-04 v1.26 LaTeX kernel commands for general use (HO)
) (/Users/KKH/Library/TinyTeX/texmf-dist/tex/generic/pdftexcmds/pdftexcmds.sty
Package: pdftexcmds 2020-06-27 v0.33 Utility functions of pdfTeX for LuaTeX (HO)
(/Users/KKH/Library/TinyTeX/texmf-dist/tex/generic/infwarerr/infwarerr.sty
Package: infwarerr 2019/12/03 v1.5 Providing info/warning/error messages (HO)
)
Package pdftexcmds Info: \pdf@primitive is available.
Package pdftexcmds Info: \pdf@ifprimitive is available.
Package pdftexcmds Info: \pdfdraftmode not found.
)) (/Users/KKH/Library/TinyTeX/texmf-dist/tex/latex/hycolor/hycolor.sty
Package: hycolor 2020-01-27 v1.10 Color options for hyperref/bookmark (HO)
) (/Users/KKH/Library/TinyTeX/texmf-dist/tex/latex/hyperref/nameref.sty
Package: nameref 2023-11-26 v2.56 Cross-referencing by name of section
(/Users/KKH/Library/TinyTeX/texmf-dist/tex/latex/refcount/refcount.sty
Package: refcount 2019/12/15 v3.6 Data extraction from label references (HO)
) (/Users/KKH/Library/TinyTeX/texmf-dist/tex/generic/gettitlestring/gettitlestring.sty
Package: gettitlestring 2019/12/15 v1.6 Cleanup title references (HO)
(/Users/KKH/Library/TinyTeX/texmf-dist/tex/latex/kvoptions/kvoptions.sty
Package: kvoptions 2022-06-15 v3.15 Key value format for package options (HO)
))
\c@section@level=\count324
) (/Users/KKH/Library/TinyTeX/texmf-dist/tex/generic/stringenc/stringenc.sty
Package: stringenc 2019/11/29 v1.12 Convert strings between diff. encodings (HO)
)
\@linkdim=\dimen257
\Hy@linkcounter=\count325
\Hy@pagecounter=\count326
(/Users/KKH/Library/TinyTeX/texmf-dist/tex/latex/hyperref/pd1enc.def
File: pd1enc.def 2024-10-30 v7.01k Hyperref: PDFDocEncoding definition (HO)
) (/Users/KKH/Library/TinyTeX/texmf-dist/tex/generic/intcalc/intcalc.sty
Package: intcalc 2019/12/15 v1.3 Expandable calculations with integers (HO)
)
\Hy@SavedSpaceFactor=\count327
(/Users/KKH/Library/TinyTeX/texmf-dist/tex/latex/hyperref/puenc.def
File: puenc.def 2024-10-30 v7.01k Hyperref: PDF Unicode definition (HO)
)
Package hyperref Info: Option `unicode' set `true' on input line 4040.
Package hyperref Info: Hyper figures OFF on input line 4157.
Package hyperref Info: Link nesting OFF on input line 4162.
Package hyperref Info: Hyper index ON on input line 4165.
Package hyperref Info: Plain pages OFF on input line 4172.
Package hyperref Info: Backreferencing OFF on input line 4177.
Package hyperref Info: Implicit mode ON; LaTeX internals redefined.
Package hyperref Info: Bookmarks ON on input line 4424.
\c@Hy@tempcnt=\count328
(/Users/KKH/Library/TinyTeX/texmf-dist/tex/latex/url/url.sty
\Urlmuskip=\muskip19
Package: url 2013/09/16  ver 3.4  Verb mode for urls, etc.
)
LaTeX Info: Redefining \url on input line 4763.
\XeTeXLinkMargin=\dimen258
(/Users/KKH/Library/TinyTeX/texmf-dist/tex/generic/bitset/bitset.sty
Package: bitset 2019/12/09 v1.3 Handle bit-vector datatype (HO)
(/Users/KKH/Library/TinyTeX/texmf-dist/tex/generic/bigintcalc/bigintcalc.sty
Package: bigintcalc 2019/12/15 v1.5 Expandable calculations on big integers (HO)
))
\Fld@menulength=\count329
\Field@Width=\dimen259
\Fld@charsize=\dimen260
Package hyperref Info: Hyper figures OFF on input line 6042.
Package hyperref Info: Link nesting OFF on input line 6047.
Package hyperref Info: Hyper index ON on input line 6050.
Package hyperref Info: backreferencing OFF on input line 6057.
Package hyperref Info: Link coloring OFF on input line 6062.
Package hyperref Info: Link coloring with OCG OFF on input line 6067.
Package hyperref Info: PDF/A mode OFF on input line 6072.
(/Users/KKH/Library/TinyTeX/texmf-dist/tex/latex/base/atbegshi-ltx.sty
Package: atbegshi-ltx 2021/01/10 v1.0c Emulation of the original atbegshi
package with kernel methods
)
\Hy@abspage=\count330
\c@Item=\count331
\c@Hfootnote=\count332
)
Package hyperref Info: Driver (autodetected): hxetex.
(/Users/KKH/Library/TinyTeX/texmf-dist/tex/latex/hyperref/hxetex.def
File: hxetex.def 2024-10-30 v7.01k Hyperref driver for XeTeX
\pdfm@box=\box75
\c@Hy@AnnotLevel=\count333
\HyField@AnnotCount=\count334
\Fld@listcount=\count335
\c@bookmark@seq@number=\count336
(/Users/KKH/Library/TinyTeX/texmf-dist/tex/latex/rerunfilecheck/rerunfilecheck.sty
Package: rerunfilecheck 2022-07-10 v1.10 Rerun checks for auxiliary files (HO)
(/Users/KKH/Library/TinyTeX/texmf-dist/tex/latex/base/atveryend-ltx.sty
Package: atveryend-ltx 2020/08/19 v1.0a Emulation of the original atveryend package
with kernel methods
) (/Users/KKH/Library/TinyTeX/texmf-dist/tex/generic/uniquecounter/uniquecounter.sty
Package: uniquecounter 2019/12/15 v1.4 Provide unlimited unique counter (HO)
)
Package uniquecounter Info: New unique counter `rerunfilecheck' on input line 285.
)
\Hy@SectionHShift=\skip69
) (/Users/KKH/Library/TinyTeX/texmf-dist/tex/latex/bookmark/bkm-dvipdfm.def
File: bkm-dvipdfm.def 2023-12-10 v1.31 bookmark driver for dvipdfm (HO)
\BKM@id=\count337
)) (./2024CeattleAssmnt.aux)
\openout1 = `2024CeattleAssmnt.aux'.

LaTeX Font Info:    Checking defaults for OML/cmm/m/it on input line 97.
LaTeX Font Info:    ... okay on input line 97.
LaTeX Font Info:    Checking defaults for OMS/cmsy/m/n on input line 97.
LaTeX Font Info:    ... okay on input line 97.
LaTeX Font Info:    Checking defaults for OT1/cmr/m/n on input line 97.
LaTeX Font Info:    ... okay on input line 97.
LaTeX Font Info:    Checking defaults for T1/cmr/m/n on input line 97.
LaTeX Font Info:    ... okay on input line 97.
LaTeX Font Info:    Checking defaults for TS1/cmr/m/n on input line 97.
LaTeX Font Info:    ... okay on input line 97.
LaTeX Font Info:    Checking defaults for TU/lmr/m/n on input line 97.
LaTeX Font Info:    ... okay on input line 97.
LaTeX Font Info:    Checking defaults for OMX/cmex/m/n on input line 97.
LaTeX Font Info:    ... okay on input line 97.
LaTeX Font Info:    Checking defaults for U/cmr/m/n on input line 97.
LaTeX Font Info:    ... okay on input line 97.
LaTeX Font Info:    Checking defaults for PD1/pdf/m/n on input line 97.
LaTeX Font Info:    ... okay on input line 97.
LaTeX Font Info:    Checking defaults for PU/pdf/m/n on input line 97.
LaTeX Font Info:    ... okay on input line 97.
LaTeX Font Info:    Overwriting math alphabet `\mathrm' in version `normal'
(Font)                  OT1/lmr/m/n --> TU/lmr/m/n on input line 97.
LaTeX Font Info:    Overwriting math alphabet `\mathit' in version `normal'
(Font)                  OT1/lmr/m/it --> TU/lmr/m/it on input line 97.
LaTeX Font Info:    Overwriting math alphabet `\mathbf' in version `normal'
(Font)                  OT1/lmr/bx/n --> TU/lmr/bx/n on input line 97.
LaTeX Font Info:    Overwriting math alphabet `\mathsf' in version `normal'
(Font)                  OT1/lmss/m/n --> TU/lmss/m/n on input line 97.
LaTeX Font Info:    Overwriting math alphabet `\mathsf' in version `bold'
(Font)                  OT1/lmss/bx/n --> TU/lmss/bx/n on input line 97.
LaTeX Font Info:    Overwriting math alphabet `\mathtt' in version `normal'
(Font)                  OT1/lmtt/m/n --> TU/lmtt/m/n on input line 97.
LaTeX Font Info:    Overwriting math alphabet `\mathtt' in version `bold'
(Font)                  OT1/lmtt/m/n --> TU/lmtt/bx/n on input line 97.

Package fontspec Info: 
(fontspec)             latinmodern-math scale = 0.9999964596882403.


Package fontspec Info: 
(fontspec)             latinmodern-math scale = 0.9999964596882403.


Package fontspec Info: 
(fontspec)             latinmodern-math scale = 0.9999964596882403.


Package fontspec Info: 
(fontspec)             Font family 'latinmodern-math.otf(0)' created for font
(fontspec)             'latinmodern-math.otf' with options
(fontspec)             [Scale=MatchLowercase,BoldItalicFont={},ItalicFont={},SmallCapsFont={},Script=Math,BoldFont={latinmodern-math.otf}].
(fontspec)              
(fontspec)              This font family consists of the following NFSS
(fontspec)             series/shapes:
(fontspec)              
(fontspec)             - 'normal' (m/n) with NFSS spec.:
(fontspec)             <->s*[0.9999964596882403]"[latinmodern-math.otf]/OT:script=math;language=dflt;"
(fontspec)             - 'bold' (b/n) with NFSS spec.:
(fontspec)             <->s*[0.9999964596882403]"[latinmodern-math.otf]/OT:script=math;language=dflt;"

LaTeX Font Info:    Font shape `TU/latinmodern-math.otf(0)/m/n' will be
(Font)              scaled to size 10.0pt on input line 97.

Package fontspec Info: 
(fontspec)             latinmodern-math scale = 0.9999964596882403.


Package fontspec Info: 
(fontspec)             latinmodern-math scale = 0.9999964596882403.


Package fontspec Info: 
(fontspec)             latinmodern-math scale = 0.9999964596882403.


Package fontspec Info: 
(fontspec)             latinmodern-math scale = 0.9999964596882403.


Package fontspec Info: 
(fontspec)             latinmodern-math scale = 0.9999964596882403.


Package fontspec Info: 
(fontspec)             Font family 'latinmodern-math.otf(1)' created for font
(fontspec)             'latinmodern-math.otf' with options
(fontspec)             [Scale=MatchLowercase,BoldItalicFont={},ItalicFont={},SmallCapsFont={},Script=Math,SizeFeatures={{Size=8.5-},{Size=6-8.5,Font=latinmodern-math.otf,Style=MathScript},{Size=-6,Font=latinmodern-math.otf,Style=MathScriptScript}},BoldFont={latinmodern-math.otf}].
(fontspec)              
(fontspec)              This font family consists of the following NFSS
(fontspec)             series/shapes:
(fontspec)              
(fontspec)             - 'normal' (m/n) with NFSS spec.:
(fontspec)             <8.5->s*[0.9999964596882403]"[latinmodern-math.otf]/OT:script=math;language=dflt;"<6-8.5>s*[0.9999964596882403]"[latinmodern-math.otf]/OT:script=math;language=dflt;+ssty=0;"<-6>s*[0.9999964596882403]"[latinmodern-math.otf]/OT:script=math;language=dflt;+ssty=1;"
(fontspec)             - 'bold' (b/n) with NFSS spec.:
(fontspec)             <->s*[0.9999964596882403]"[latinmodern-math.otf]/OT:script=math;language=dflt;"

LaTeX Font Info:    Font shape `TU/latinmodern-math.otf(1)/m/n' will be
(Font)              scaled to size 10.0pt on input line 97.
LaTeX Font Info:    Encoding `OT1' has changed to `TU' for symbol font
(Font)              `operators' in the math version `normal' on input line 97.
LaTeX Font Info:    Overwriting symbol font `operators' in version `normal'
(Font)                  OT1/lmr/m/n --> TU/latinmodern-math.otf(1)/m/n on input line 97.
LaTeX Font Info:    Encoding `OT1' has changed to `TU' for symbol font
(Font)              `operators' in the math version `bold' on input line 97.
LaTeX Font Info:    Overwriting symbol font `operators' in version `bold'
(Font)                  OT1/lmr/bx/n --> TU/latinmodern-math.otf(1)/b/n on input line 97.

Package fontspec Info: 
(fontspec)             latinmodern-math scale = 0.9999964596882403.


Package fontspec Info: 
(fontspec)             latinmodern-math scale = 1.000096459334209.


Package fontspec Info: 
(fontspec)             latinmodern-math scale = 0.9999964596882403.


Package fontspec Info: 
(fontspec)             latinmodern-math scale = 1.000096459334209.


Package fontspec Info: 
(fontspec)             latinmodern-math scale = 0.9999964596882403.


Package fontspec Info: 
(fontspec)             latinmodern-math scale = 1.000096459334209.


Package fontspec Info: 
(fontspec)             latinmodern-math scale = 0.9999964596882403.


Package fontspec Info: 
(fontspec)             latinmodern-math scale = 1.000096459334209.


Package fontspec Info: 
(fontspec)             latinmodern-math scale = 0.9999964596882403.


Package fontspec Info: 
(fontspec)             latinmodern-math scale = 1.000096459334209.


Package fontspec Info: 
(fontspec)             Font family 'latinmodern-math.otf(2)' created for font
(fontspec)             'latinmodern-math.otf' with options
(fontspec)             [Scale=MatchLowercase,BoldItalicFont={},ItalicFont={},SmallCapsFont={},Script=Math,SizeFeatures={{Size=8.5-},{Size=6-8.5,Font=latinmodern-math.otf,Style=MathScript},{Size=-6,Font=latinmodern-math.otf,Style=MathScriptScript}},BoldFont={latinmodern-math.otf},ScaleAgain=1.0001,FontAdjustment={\fontdimen
(fontspec)             8\font =6.77pt\relax \fontdimen 9\font =3.94pt\relax
(fontspec)             \fontdimen 10\font =4.44pt\relax \fontdimen 11\font
(fontspec)             =6.86pt\relax \fontdimen 12\font =3.45pt\relax
(fontspec)             \fontdimen 13\font =3.63pt\relax \fontdimen 14\font
(fontspec)             =3.63pt\relax \fontdimen 15\font =2.89pt\relax
(fontspec)             \fontdimen 16\font =2.47pt\relax \fontdimen 17\font
(fontspec)             =2.47pt\relax \fontdimen 18\font =2.5pt\relax
(fontspec)             \fontdimen 19\font =2.0pt\relax \fontdimen 22\font
(fontspec)             =2.5pt\relax \fontdimen 20\font =0pt\relax \fontdimen
(fontspec)             21\font =0pt\relax }].
(fontspec)              
(fontspec)              This font family consists of the following NFSS
(fontspec)             series/shapes:
(fontspec)              
(fontspec)             - 'normal' (m/n) with NFSS spec.:
(fontspec)             <8.5->s*[1.000096459334209]"[latinmodern-math.otf]/OT:script=math;language=dflt;"<6-8.5>s*[1.000096459334209]"[latinmodern-math.otf]/OT:script=math;language=dflt;+ssty=0;"<-6>s*[1.000096459334209]"[latinmodern-math.otf]/OT:script=math;language=dflt;+ssty=1;"
(fontspec)             - 'bold' (b/n) with NFSS spec.:
(fontspec)             <->s*[1.000096459334209]"[latinmodern-math.otf]/OT:script=math;language=dflt;"

LaTeX Font Info:    Encoding `OMS' has changed to `TU' for symbol font
(Font)              `symbols' in the math version `normal' on input line 97.
LaTeX Font Info:    Overwriting symbol font `symbols' in version `normal'
(Font)                  OMS/lmsy/m/n --> TU/latinmodern-math.otf(2)/m/n on input line 97.
LaTeX Font Info:    Encoding `OMS' has changed to `TU' for symbol font
(Font)              `symbols' in the math version `bold' on input line 97.
LaTeX Font Info:    Overwriting symbol font `symbols' in version `bold'
(Font)                  OMS/lmsy/b/n --> TU/latinmodern-math.otf(2)/b/n on input line 97.

Package fontspec Info: 
(fontspec)             latinmodern-math scale = 0.9999964596882403.


Package fontspec Info: 
(fontspec)             latinmodern-math scale = 0.9998964600422715.


Package fontspec Info: 
(fontspec)             latinmodern-math scale = 0.9999964596882403.


Package fontspec Info: 
(fontspec)             latinmodern-math scale = 0.9998964600422715.


Package fontspec Info: 
(fontspec)             latinmodern-math scale = 0.9999964596882403.


Package fontspec Info: 
(fontspec)             latinmodern-math scale = 0.9998964600422715.


Package fontspec Info: 
(fontspec)             latinmodern-math scale = 0.9999964596882403.


Package fontspec Info: 
(fontspec)             latinmodern-math scale = 0.9998964600422715.


Package fontspec Info: 
(fontspec)             latinmodern-math scale = 0.9999964596882403.


Package fontspec Info: 
(fontspec)             latinmodern-math scale = 0.9998964600422715.


Package fontspec Info: 
(fontspec)             Font family 'latinmodern-math.otf(3)' created for font
(fontspec)             'latinmodern-math.otf' with options
(fontspec)             [Scale=MatchLowercase,BoldItalicFont={},ItalicFont={},SmallCapsFont={},Script=Math,SizeFeatures={{Size=8.5-},{Size=6-8.5,Font=latinmodern-math.otf,Style=MathScript},{Size=-6,Font=latinmodern-math.otf,Style=MathScriptScript}},BoldFont={latinmodern-math.otf},ScaleAgain=0.9999,FontAdjustment={\fontdimen
(fontspec)             8\font =0.4pt\relax \fontdimen 9\font =2.0pt\relax
(fontspec)             \fontdimen 10\font =1.67pt\relax \fontdimen 11\font
(fontspec)             =1.11pt\relax \fontdimen 12\font =6.0pt\relax
(fontspec)             \fontdimen 13\font =0pt\relax }].
(fontspec)              
(fontspec)              This font family consists of the following NFSS
(fontspec)             series/shapes:
(fontspec)              
(fontspec)             - 'normal' (m/n) with NFSS spec.:
(fontspec)             <8.5->s*[0.9998964600422715]"[latinmodern-math.otf]/OT:script=math;language=dflt;"<6-8.5>s*[0.9998964600422715]"[latinmodern-math.otf]/OT:script=math;language=dflt;+ssty=0;"<-6>s*[0.9998964600422715]"[latinmodern-math.otf]/OT:script=math;language=dflt;+ssty=1;"
(fontspec)             - 'bold' (b/n) with NFSS spec.:
(fontspec)             <->s*[0.9998964600422715]"[latinmodern-math.otf]/OT:script=math;language=dflt;"

LaTeX Font Info:    Encoding `OMX' has changed to `TU' for symbol font
(Font)              `largesymbols' in the math version `normal' on input line 97.
LaTeX Font Info:    Overwriting symbol font `largesymbols' in version `normal'
(Font)                  OMX/lmex/m/n --> TU/latinmodern-math.otf(3)/m/n on input line 97.
LaTeX Font Info:    Encoding `OMX' has changed to `TU' for symbol font
(Font)              `largesymbols' in the math version `bold' on input line 97.
LaTeX Font Info:    Overwriting symbol font `largesymbols' in version `bold'
(Font)                  OMX/lmex/m/n --> TU/latinmodern-math.otf(3)/b/n on input line 97.
*geometry* driver: auto-detecting
*geometry* detected driver: xetex
*geometry* verbose mode - [ preamble ] result:
* driver: xetex
* paper: <default>
* layout: <same size as paper>
* layoutoffset:(h,v)=(0.0pt,0.0pt)
* modes: 
* h-part:(L,W,R)=(72.26999pt, 469.75502pt, 72.26999pt)
* v-part:(T,H,B)=(72.26999pt, 650.43001pt, 72.26999pt)
* \paperwidth=614.295pt
* \paperheight=794.96999pt
* \textwidth=469.75502pt
* \textheight=650.43001pt
* \oddsidemargin=0.0pt
* \evensidemargin=0.0pt
* \topmargin=-37.0pt
* \headheight=12.0pt
* \headsep=25.0pt
* \topskip=10.0pt
* \footskip=30.0pt
* \marginparwidth=65.0pt
* \marginparsep=11.0pt
* \columnsep=10.0pt
* \skip\footins=9.0pt plus 4.0pt minus 2.0pt
* \hoffset=0.0pt
* \voffset=0.0pt
* \mag=1000
* \@twocolumnfalse
* \@twosidefalse
* \@mparswitchfalse
* \@reversemarginfalse
* (1in=72.27pt=25.4mm, 1cm=28.453pt)

Package hyperref Info: Link coloring OFF on input line 97.
LaTeX Font Info:    Font shape `TU/latinmodern-math.otf(1)/m/n' will be
(Font)              scaled to size 12.0pt on input line 99.
LaTeX Font Info:    Font shape `TU/latinmodern-math.otf(1)/m/n' will be
(Font)              scaled to size 8.0pt on input line 99.
LaTeX Font Info:    Font shape `TU/latinmodern-math.otf(1)/m/n' will be
(Font)              scaled to size 6.0pt on input line 99.
LaTeX Font Info:    Trying to load font information for OML+lmm on input line 99.
(/Users/KKH/Library/TinyTeX/texmf-dist/tex/latex/lm/omllmm.fd
File: omllmm.fd 2015/05/01 v1.6.1 Font defs for Latin Modern
)
LaTeX Font Info:    Font shape `TU/latinmodern-math.otf(2)/m/n' will be
(Font)              scaled to size 12.0011pt on input line 99.
LaTeX Font Info:    Font shape `TU/latinmodern-math.otf(2)/m/n' will be
(Font)              scaled to size 8.00073pt on input line 99.
LaTeX Font Info:    Font shape `TU/latinmodern-math.otf(2)/m/n' will be
(Font)              scaled to size 6.00055pt on input line 99.
LaTeX Font Info:    Font shape `TU/latinmodern-math.otf(3)/m/n' will be
(Font)              scaled to size 11.99872pt on input line 99.
LaTeX Font Info:    Font shape `TU/latinmodern-math.otf(3)/m/n' will be
(Font)              scaled to size 7.99915pt on input line 99.
LaTeX Font Info:    Font shape `TU/latinmodern-math.otf(3)/m/n' will be
(Font)              scaled to size 5.99936pt on input line 99.
LaTeX Font Info:    Trying to load font information for U+msa on input line 99.
(/Users/KKH/Library/TinyTeX/texmf-dist/tex/latex/amsfonts/umsa.fd
File: umsa.fd 2013/01/14 v3.01 AMS symbols A
)
LaTeX Font Info:    Trying to load font information for U+msb on input line 99.
(/Users/KKH/Library/TinyTeX/texmf-dist/tex/latex/amsfonts/umsb.fd
File: umsb.fd 2013/01/14 v3.01 AMS symbols B
) (./2024CeattleAssmnt.toc
LaTeX Font Info:    Font shape `TU/latinmodern-math.otf(1)/m/n' will be
(Font)              scaled to size 7.0pt on input line 3.
LaTeX Font Info:    Font shape `TU/latinmodern-math.otf(1)/m/n' will be
(Font)              scaled to size 5.0pt on input line 3.
LaTeX Font Info:    Font shape `TU/latinmodern-math.otf(2)/m/n' will be
(Font)              scaled to size 10.00092pt on input line 3.
LaTeX Font Info:    Font shape `TU/latinmodern-math.otf(2)/m/n' will be
(Font)              scaled to size 7.00064pt on input line 3.
LaTeX Font Info:    Font shape `TU/latinmodern-math.otf(2)/m/n' will be
(Font)              scaled to size 5.00046pt on input line 3.
LaTeX Font Info:    Font shape `TU/latinmodern-math.otf(3)/m/n' will be
(Font)              scaled to size 9.99893pt on input line 3.
LaTeX Font Info:    Font shape `TU/latinmodern-math.otf(3)/m/n' will be
(Font)              scaled to size 6.99925pt on input line 3.
LaTeX Font Info:    Font shape `TU/latinmodern-math.otf(3)/m/n' will be
(Font)              scaled to size 4.99947pt on input line 3.


[1

])
\tf@toc=\write3
\openout3 = `2024CeattleAssmnt.toc'.

File: Holsman_illustration_3spp.png Graphic file (type bmp)
<Holsman_illustration_3spp.png>


[2]
Overfull \hbox (13.19171pt too wide) in paragraph at lines 137--138
 []\TU/lmr/m/n/10 Arrowtooth
 []


Overfull \hbox (4.4347pt too wide) in paragraph at lines 148--148
 []|\TU/lmr/m/n/10 15,873,816|
 []


Overfull \hbox (0.96915pt too wide) in paragraph at lines 148--148
 []|\TU/lmr/m/n/10 16,753,272|
 []

File: Figs/Table2023vals.jpg Graphic file (type bmp)
<Figs/Table2023vals.jpg>


[3]

[4]

[5]

[6]

[7]
Underfull \hbox (badness 2142) in paragraph at lines 314--315
[]\TU/lmr/m/n/10 The length-to-weight relationships, predator size and species diet preference, bioenergetics-based,
 []

File: Figs/BT_plot.png Graphic file (type bmp)
<Figs/BT_plot.png>


[8]
File: Figs/vonB_plk_model_Temp.jpg Graphic file (type bmp)
<Figs/vonB_plk_model_Temp.jpg>
[9] [10]
Overfull \hbox (1.05882pt too wide) in paragraph at lines 439--440
[]\TU/lmr/m/n/10 Parameter  
 []


Overfull \hbox (6.73694pt too wide) in paragraph at lines 447--448
[]\TU/lmr/m/n/10 Source  
 []


Overfull \hbox (12.22581pt too wide) in paragraph at lines 464--464
[]|$[][][][][][][][][][][]$|  
 []

[11]

[12]
Overfull \hbox (4.46002pt too wide) in paragraph at lines 502--503
[]\TU/lmr/m/n/10 Parameter  
 []


Overfull \hbox (3.09027pt too wide) in paragraph at lines 508--509
 []\TU/lmr/m/n/10 Pollock
 []


Overfull \hbox (8.43625pt too wide) in paragraph at lines 514--515
[]\TU/lmr/m/n/10 Source  
 []

[13]

[14]

[15]
File: Figs/R_figures/catch_biomass.pdf Graphic file (type pdf)
<use Figs/R_figures/catch_biomass.pdf>
File: Figs/R_figures/plot_allBiomass.pdf Graphic file (type pdf)
<use Figs/R_figures/plot_allBiomass.pdf>
[16]
File: Figs/R_figures/plot_suit2.jpg Graphic file (type bmp)
<Figs/R_figures/plot_suit2.jpg>


[17]

[18]
File: Figs/Mortality_new.jpg Graphic file (type bmp)
<Figs/Mortality_new.jpg>


[19]

[20]
File: Figs/R_figures/plot_propM2_1.jpg Graphic file (type bmp)
<Figs/R_figures/plot_propM2_1.jpg>
File: Figs/R_figures/biomass_eaten_index.jpg Graphic file (type bmp)
<Figs/R_figures/biomass_eaten_index.jpg>
File: Figs/R_figures/annual_ration_index.jpg Graphic file (type bmp)
<Figs/R_figures/annual_ration_index.jpg>
File: Figs/dietByWt_JA.png Graphic file (type bmp)
<Figs/dietByWt_JA.png>
File: Figs/Prey_eaten_annually.jpg Graphic file (type bmp)
<Figs/Prey_eaten_annually.jpg>


[21]

[22]

[23]

[24]

[25]
File: Figs/R_figures/recruitment.pdf Graphic file (type pdf)
<use Figs/R_figures/recruitment.pdf>
File: Figs/RSPLOT_0.jpg Graphic file (type bmp)
<Figs/RSPLOT_0.jpg>
File: Figs/RSPLOT_2.jpg Graphic file (type bmp)
<Figs/RSPLOT_2.jpg>


[26]

[27]

[28]
File: Figs/assessment_vars.jpg Graphic file (type bmp)
<Figs/assessment_vars.jpg>
File: Figs/rec_models_0.jpg Graphic file (type bmp)
<Figs/rec_models_0.jpg>
File: Figs/rec_models_2.jpg Graphic file (type bmp)
<Figs/rec_models_2.jpg>


[29]

[30]

[31]

[32]
File: Figs/R_figures/plot_F.jpg Graphic file (type bmp)
<Figs/R_figures/plot_F.jpg>


[33]

[34]
File: Figs/delta_tsthiYr.png Graphic file (type bmp)
<Figs/delta_tsthiYr.png>


[35]

[36]

[37]

[38]

[39]

[40]

[41]

[42]
Overfull \hbox (1.72653pt too wide) in paragraph at lines 1221--1222
[]\TU/lmr/m/n/10 10  
 []


Overfull \hbox (1.72653pt too wide) in paragraph at lines 1223--1224
[]\TU/lmr/m/n/10 11  
 []


Overfull \hbox (1.72653pt too wide) in paragraph at lines 1225--1226
[]\TU/lmr/m/n/10 12  
 []


Overfull \hbox (1.72653pt too wide) in paragraph at lines 1227--1228
[]\TU/lmr/m/n/10 13  
 []


Overfull \hbox (1.72653pt too wide) in paragraph at lines 1229--1230
[]\TU/lmr/m/n/10 14  
 []


Overfull \hbox (1.72653pt too wide) in paragraph at lines 1231--1232
[]\TU/lmr/m/n/10 15  
 []


Overfull \hbox (1.72653pt too wide) in paragraph at lines 1233--1234
[]\TU/lmr/m/n/10 16  
 []


Overfull \hbox (1.72653pt too wide) in paragraph at lines 1235--1236
[]\TU/lmr/m/n/10 17  
 []


Overfull \hbox (1.72653pt too wide) in paragraph at lines 1237--1238
[]\TU/lmr/m/n/10 18  
 []


Overfull \hbox (1.72653pt too wide) in paragraph at lines 1239--1240
[]\TU/lmr/m/n/10 19  
 []


Overfull \hbox (1.72653pt too wide) in paragraph at lines 1241--1242
[]\TU/lmr/m/n/10 20  
 []


Overfull \hbox (1.72653pt too wide) in paragraph at lines 1243--1244
[]\TU/lmr/m/n/10 21  
 []


Overfull \hbox (9.50653pt too wide) in paragraph at lines 1250--1250
[]|\TU/lmr/m/n/10 0.00|  
 []


Overfull \hbox (9.50653pt too wide) in paragraph at lines 1250--1250
[]|\TU/lmr/m/n/10 0.01|  
 []


Overfull \hbox (9.50653pt too wide) in paragraph at lines 1250--1250
[]|\TU/lmr/m/n/10 0.29|  
 []


Overfull \hbox (9.50653pt too wide) in paragraph at lines 1250--1250
[]|\TU/lmr/m/n/10 0.64|  
 []


Overfull \hbox (9.50653pt too wide) in paragraph at lines 1250--1250
[]|\TU/lmr/m/n/10 0.84|  
 []


Overfull \hbox (9.50653pt too wide) in paragraph at lines 1250--1250
[]|\TU/lmr/m/n/10 0.90|  
 []


Overfull \hbox (9.50653pt too wide) in paragraph at lines 1250--1250
[]|\TU/lmr/m/n/10 0.95|  
 []


Overfull \hbox (9.50653pt too wide) in paragraph at lines 1250--1250
[]|\TU/lmr/m/n/10 0.96|  
 []


Overfull \hbox (9.50653pt too wide) in paragraph at lines 1250--1250
[]|\TU/lmr/m/n/10 0.97|  
 []


Overfull \hbox (9.50653pt too wide) in paragraph at lines 1250--1250
[]|\TU/lmr/m/n/10 1.00|  
 []


Overfull \hbox (9.50653pt too wide) in paragraph at lines 1250--1250
[]|\TU/lmr/m/n/10 1.00|  
 []


Overfull \hbox (9.50653pt too wide) in paragraph at lines 1250--1250
[]|\TU/lmr/m/n/10 1.00|  
 []


Overfull \hbox (9.50653pt too wide) in paragraph at lines 1251--1251
[]|\TU/lmr/m/n/10 0.00|  
 []


Overfull \hbox (9.50653pt too wide) in paragraph at lines 1251--1251
[]|\TU/lmr/m/n/10 0.02|  
 []


Overfull \hbox (9.50653pt too wide) in paragraph at lines 1251--1251
[]|\TU/lmr/m/n/10 0.06|  
 []


Overfull \hbox (9.50653pt too wide) in paragraph at lines 1251--1251
[]|\TU/lmr/m/n/10 0.14|  
 []


Overfull \hbox (9.50653pt too wide) in paragraph at lines 1251--1251
[]|\TU/lmr/m/n/10 0.30|  
 []


Overfull \hbox (9.50653pt too wide) in paragraph at lines 1251--1251
[]|\TU/lmr/m/n/10 0.53|  
 []


Overfull \hbox (9.50653pt too wide) in paragraph at lines 1251--1251
[]|\TU/lmr/m/n/10 0.75|  
 []


Overfull \hbox (9.50653pt too wide) in paragraph at lines 1251--1251
[]|\TU/lmr/m/n/10 0.89|  
 []


Overfull \hbox (9.50653pt too wide) in paragraph at lines 1251--1251
[]|\TU/lmr/m/n/10 0.95|  
 []


Overfull \hbox (9.50653pt too wide) in paragraph at lines 1251--1251
[]|\TU/lmr/m/n/10 0.98|  
 []


Overfull \hbox (9.50653pt too wide) in paragraph at lines 1251--1251
[]|\TU/lmr/m/n/10 0.99|  
 []


Overfull \hbox (9.50653pt too wide) in paragraph at lines 1251--1251
[]|\TU/lmr/m/n/10 1.00|  
 []


Overfull \hbox (9.50653pt too wide) in paragraph at lines 1252--1252
[]|\TU/lmr/m/n/10 0.00|  
 []


Overfull \hbox (9.50653pt too wide) in paragraph at lines 1252--1252
[]|\TU/lmr/m/n/10 0.00|  
 []


Overfull \hbox (9.50653pt too wide) in paragraph at lines 1252--1252
[]|\TU/lmr/m/n/10 0.01|  
 []


Overfull \hbox (9.50653pt too wide) in paragraph at lines 1252--1252
[]|\TU/lmr/m/n/10 0.02|  
 []


Overfull \hbox (9.50653pt too wide) in paragraph at lines 1252--1252
[]|\TU/lmr/m/n/10 0.06|  
 []


Overfull \hbox (9.50653pt too wide) in paragraph at lines 1252--1252
[]|\TU/lmr/m/n/10 0.16|  
 []


Overfull \hbox (9.50653pt too wide) in paragraph at lines 1252--1252
[]|\TU/lmr/m/n/10 0.34|  
 []


Overfull \hbox (9.50653pt too wide) in paragraph at lines 1252--1252
[]|\TU/lmr/m/n/10 0.59|  
 []


Overfull \hbox (9.50653pt too wide) in paragraph at lines 1252--1252
[]|\TU/lmr/m/n/10 0.80|  
 []


Overfull \hbox (9.50653pt too wide) in paragraph at lines 1252--1252
[]|\TU/lmr/m/n/10 0.92|  
 []


Overfull \hbox (9.50653pt too wide) in paragraph at lines 1252--1252
[]|\TU/lmr/m/n/10 0.97|  
 []


Overfull \hbox (9.50653pt too wide) in paragraph at lines 1252--1252
[]|\TU/lmr/m/n/10 0.99|  
 []


Overfull \hbox (9.50653pt too wide) in paragraph at lines 1252--1252
[]|\TU/lmr/m/n/10 1.00|  
 []


Overfull \hbox (9.50653pt too wide) in paragraph at lines 1252--1252
[]|\TU/lmr/m/n/10 1.00|  
 []


Overfull \hbox (9.50653pt too wide) in paragraph at lines 1252--1252
[]|\TU/lmr/m/n/10 1.00|  
 []


Overfull \hbox (9.50653pt too wide) in paragraph at lines 1252--1252
[]|\TU/lmr/m/n/10 1.00|  
 []


Overfull \hbox (9.50653pt too wide) in paragraph at lines 1252--1252
[]|\TU/lmr/m/n/10 1.00|  
 []


Overfull \hbox (9.50653pt too wide) in paragraph at lines 1252--1252
[]|\TU/lmr/m/n/10 1.00|  
 []


Overfull \hbox (9.50653pt too wide) in paragraph at lines 1252--1252
[]|\TU/lmr/m/n/10 1.00|  
 []


Overfull \hbox (9.50653pt too wide) in paragraph at lines 1252--1252
[]|\TU/lmr/m/n/10 1.00|  
 []


Overfull \hbox (9.50653pt too wide) in paragraph at lines 1252--1253
[]|\TU/lmr/m/n/10 1.00|  
 []


Overfull \hbox (9.50653pt too wide) in paragraph at lines 1254--1254
[]|\TU/lmr/m/n/10 0.90|  
 []


Overfull \hbox (9.50653pt too wide) in paragraph at lines 1254--1254
[]|\TU/lmr/m/n/10 0.45|  
 []


Overfull \hbox (9.50653pt too wide) in paragraph at lines 1254--1254
[]|\TU/lmr/m/n/10 0.30|  
 []


Overfull \hbox (9.50653pt too wide) in paragraph at lines 1254--1254
[]|\TU/lmr/m/n/10 0.30|  
 []


Overfull \hbox (9.50653pt too wide) in paragraph at lines 1254--1254
[]|\TU/lmr/m/n/10 0.30|  
 []


Overfull \hbox (9.50653pt too wide) in paragraph at lines 1254--1254
[]|\TU/lmr/m/n/10 0.30|  
 []


Overfull \hbox (9.50653pt too wide) in paragraph at lines 1254--1254
[]|\TU/lmr/m/n/10 0.30|  
 []


Overfull \hbox (9.50653pt too wide) in paragraph at lines 1254--1254
[]|\TU/lmr/m/n/10 0.30|  
 []


Overfull \hbox (9.50653pt too wide) in paragraph at lines 1254--1254
[]|\TU/lmr/m/n/10 0.30|  
 []


Overfull \hbox (9.50653pt too wide) in paragraph at lines 1254--1254
[]|\TU/lmr/m/n/10 0.30|  
 []


Overfull \hbox (9.50653pt too wide) in paragraph at lines 1254--1254
[]|\TU/lmr/m/n/10 0.30|  
 []


Overfull \hbox (9.50653pt too wide) in paragraph at lines 1254--1254
[]|\TU/lmr/m/n/10 0.30|  
 []


Overfull \hbox (9.50653pt too wide) in paragraph at lines 1255--1255
[]|\TU/lmr/m/n/10 0.34|  
 []


Overfull \hbox (9.50653pt too wide) in paragraph at lines 1255--1255
[]|\TU/lmr/m/n/10 0.34|  
 []


Overfull \hbox (9.50653pt too wide) in paragraph at lines 1255--1255
[]|\TU/lmr/m/n/10 0.34|  
 []


Overfull \hbox (9.50653pt too wide) in paragraph at lines 1255--1255
[]|\TU/lmr/m/n/10 0.34|  
 []


Overfull \hbox (9.50653pt too wide) in paragraph at lines 1255--1255
[]|\TU/lmr/m/n/10 0.34|  
 []


Overfull \hbox (9.50653pt too wide) in paragraph at lines 1255--1255
[]|\TU/lmr/m/n/10 0.34|  
 []


Overfull \hbox (9.50653pt too wide) in paragraph at lines 1255--1255
[]|\TU/lmr/m/n/10 0.34|  
 []


Overfull \hbox (9.50653pt too wide) in paragraph at lines 1255--1255
[]|\TU/lmr/m/n/10 0.34|  
 []


Overfull \hbox (9.50653pt too wide) in paragraph at lines 1255--1255
[]|\TU/lmr/m/n/10 0.34|  
 []


Overfull \hbox (9.50653pt too wide) in paragraph at lines 1255--1255
[]|\TU/lmr/m/n/10 0.34|  
 []


Overfull \hbox (9.50653pt too wide) in paragraph at lines 1255--1255
[]|\TU/lmr/m/n/10 0.34|  
 []


Overfull \hbox (9.50653pt too wide) in paragraph at lines 1255--1255
[]|\TU/lmr/m/n/10 0.34|  
 []


Overfull \hbox (9.50653pt too wide) in paragraph at lines 1256--1256
[]|\TU/lmr/m/n/10 0.27|  
 []


Overfull \hbox (9.50653pt too wide) in paragraph at lines 1256--1256
[]|\TU/lmr/m/n/10 0.26|  
 []


Overfull \hbox (9.50653pt too wide) in paragraph at lines 1256--1256
[]|\TU/lmr/m/n/10 0.26|  
 []


Overfull \hbox (9.50653pt too wide) in paragraph at lines 1256--1256
[]|\TU/lmr/m/n/10 0.25|  
 []


Overfull \hbox (9.50653pt too wide) in paragraph at lines 1256--1256
[]|\TU/lmr/m/n/10 0.25|  
 []


Overfull \hbox (9.50653pt too wide) in paragraph at lines 1256--1256
[]|\TU/lmr/m/n/10 0.24|  
 []


Overfull \hbox (9.50653pt too wide) in paragraph at lines 1256--1256
[]|\TU/lmr/m/n/10 0.24|  
 []


Overfull \hbox (9.50653pt too wide) in paragraph at lines 1256--1256
[]|\TU/lmr/m/n/10 0.23|  
 []


Overfull \hbox (9.50653pt too wide) in paragraph at lines 1256--1256
[]|\TU/lmr/m/n/10 0.23|  
 []


Overfull \hbox (9.50653pt too wide) in paragraph at lines 1256--1256
[]|\TU/lmr/m/n/10 0.23|  
 []


Overfull \hbox (9.50653pt too wide) in paragraph at lines 1256--1256
[]|\TU/lmr/m/n/10 0.22|  
 []


Overfull \hbox (9.50653pt too wide) in paragraph at lines 1256--1256
[]|\TU/lmr/m/n/10 0.22|  
 []


Overfull \hbox (9.50653pt too wide) in paragraph at lines 1256--1256
[]|\TU/lmr/m/n/10 0.22|  
 []


Overfull \hbox (9.50653pt too wide) in paragraph at lines 1256--1256
[]|\TU/lmr/m/n/10 0.22|  
 []


Overfull \hbox (9.50653pt too wide) in paragraph at lines 1256--1256
[]|\TU/lmr/m/n/10 0.21|  
 []


Overfull \hbox (9.50653pt too wide) in paragraph at lines 1256--1256
[]|\TU/lmr/m/n/10 0.21|  
 []


Overfull \hbox (9.50653pt too wide) in paragraph at lines 1256--1256
[]|\TU/lmr/m/n/10 0.21|  
 []


Overfull \hbox (9.50653pt too wide) in paragraph at lines 1256--1256
[]|\TU/lmr/m/n/10 0.21|  
 []


Overfull \hbox (9.50653pt too wide) in paragraph at lines 1256--1256
[]|\TU/lmr/m/n/10 0.21|  
 []


Overfull \hbox (9.50653pt too wide) in paragraph at lines 1256--1256
[]|\TU/lmr/m/n/10 0.21|  
 []


Overfull \hbox (9.50653pt too wide) in paragraph at lines 1256--1257
[]|\TU/lmr/m/n/10 0.21|  
 []


Overfull \hbox (9.50653pt too wide) in paragraph at lines 1258--1258
[]|\TU/lmr/m/n/10 0.01|  
 []


Overfull \hbox (9.50653pt too wide) in paragraph at lines 1258--1258
[]|\TU/lmr/m/n/10 0.30|  
 []


Overfull \hbox (9.50653pt too wide) in paragraph at lines 1258--1258
[]|\TU/lmr/m/n/10 0.30|  
 []


Overfull \hbox (9.50653pt too wide) in paragraph at lines 1258--1258
[]|\TU/lmr/m/n/10 0.30|  
 []


Overfull \hbox (9.50653pt too wide) in paragraph at lines 1258--1258
[]|\TU/lmr/m/n/10 0.30|  
 []


Overfull \hbox (9.50653pt too wide) in paragraph at lines 1258--1258
[]|\TU/lmr/m/n/10 0.30|  
 []


Overfull \hbox (9.50653pt too wide) in paragraph at lines 1258--1258
[]|\TU/lmr/m/n/10 0.30|  
 []


Overfull \hbox (9.50653pt too wide) in paragraph at lines 1258--1258
[]|\TU/lmr/m/n/10 0.30|  
 []


Overfull \hbox (9.50653pt too wide) in paragraph at lines 1258--1258
[]|\TU/lmr/m/n/10 0.30|  
 []


Overfull \hbox (9.50653pt too wide) in paragraph at lines 1258--1258
[]|\TU/lmr/m/n/10 0.30|  
 []


Overfull \hbox (9.50653pt too wide) in paragraph at lines 1258--1258
[]|\TU/lmr/m/n/10 0.30|  
 []


Overfull \hbox (9.50653pt too wide) in paragraph at lines 1258--1258
[]|\TU/lmr/m/n/10 0.30|  
 []


Overfull \hbox (9.50653pt too wide) in paragraph at lines 1259--1259
[]|\TU/lmr/m/n/10 0.34|  
 []


Overfull \hbox (9.50653pt too wide) in paragraph at lines 1259--1259
[]|\TU/lmr/m/n/10 0.34|  
 []


Overfull \hbox (9.50653pt too wide) in paragraph at lines 1259--1259
[]|\TU/lmr/m/n/10 0.34|  
 []


Overfull \hbox (9.50653pt too wide) in paragraph at lines 1259--1259
[]|\TU/lmr/m/n/10 0.34|  
 []


Overfull \hbox (9.50653pt too wide) in paragraph at lines 1259--1259
[]|\TU/lmr/m/n/10 0.34|  
 []


Overfull \hbox (9.50653pt too wide) in paragraph at lines 1259--1259
[]|\TU/lmr/m/n/10 0.34|  
 []


Overfull \hbox (9.50653pt too wide) in paragraph at lines 1259--1259
[]|\TU/lmr/m/n/10 0.34|  
 []


Overfull \hbox (9.50653pt too wide) in paragraph at lines 1259--1259
[]|\TU/lmr/m/n/10 0.34|  
 []


Overfull \hbox (9.50653pt too wide) in paragraph at lines 1259--1259
[]|\TU/lmr/m/n/10 0.34|  
 []


Overfull \hbox (9.50653pt too wide) in paragraph at lines 1259--1259
[]|\TU/lmr/m/n/10 0.34|  
 []


Overfull \hbox (9.50653pt too wide) in paragraph at lines 1259--1259
[]|\TU/lmr/m/n/10 0.34|  
 []


Overfull \hbox (9.50653pt too wide) in paragraph at lines 1259--1259
[]|\TU/lmr/m/n/10 0.34|  
 []


Overfull \hbox (9.50653pt too wide) in paragraph at lines 1260--1260
[]|\TU/lmr/m/n/10 0.27|  
 []


Overfull \hbox (9.50653pt too wide) in paragraph at lines 1260--1260
[]|\TU/lmr/m/n/10 0.26|  
 []


Overfull \hbox (9.50653pt too wide) in paragraph at lines 1260--1260
[]|\TU/lmr/m/n/10 0.26|  
 []


Overfull \hbox (9.50653pt too wide) in paragraph at lines 1260--1260
[]|\TU/lmr/m/n/10 0.25|  
 []


Overfull \hbox (9.50653pt too wide) in paragraph at lines 1260--1260
[]|\TU/lmr/m/n/10 0.25|  
 []


Overfull \hbox (9.50653pt too wide) in paragraph at lines 1260--1260
[]|\TU/lmr/m/n/10 0.24|  
 []


Overfull \hbox (9.50653pt too wide) in paragraph at lines 1260--1260
[]|\TU/lmr/m/n/10 0.24|  
 []


Overfull \hbox (9.50653pt too wide) in paragraph at lines 1260--1260
[]|\TU/lmr/m/n/10 0.23|  
 []


Overfull \hbox (9.50653pt too wide) in paragraph at lines 1260--1260
[]|\TU/lmr/m/n/10 0.23|  
 []


Overfull \hbox (9.50653pt too wide) in paragraph at lines 1260--1260
[]|\TU/lmr/m/n/10 0.23|  
 []


Overfull \hbox (9.50653pt too wide) in paragraph at lines 1260--1260
[]|\TU/lmr/m/n/10 0.22|  
 []


Overfull \hbox (9.50653pt too wide) in paragraph at lines 1260--1260
[]|\TU/lmr/m/n/10 0.22|  
 []


Overfull \hbox (9.50653pt too wide) in paragraph at lines 1260--1260
[]|\TU/lmr/m/n/10 0.22|  
 []


Overfull \hbox (9.50653pt too wide) in paragraph at lines 1260--1260
[]|\TU/lmr/m/n/10 0.22|  
 []


Overfull \hbox (9.50653pt too wide) in paragraph at lines 1260--1260
[]|\TU/lmr/m/n/10 0.21|  
 []


Overfull \hbox (9.50653pt too wide) in paragraph at lines 1260--1260
[]|\TU/lmr/m/n/10 0.21|  
 []


Overfull \hbox (9.50653pt too wide) in paragraph at lines 1260--1260
[]|\TU/lmr/m/n/10 0.21|  
 []


Overfull \hbox (9.50653pt too wide) in paragraph at lines 1260--1260
[]|\TU/lmr/m/n/10 0.21|  
 []


Overfull \hbox (9.50653pt too wide) in paragraph at lines 1260--1260
[]|\TU/lmr/m/n/10 0.21|  
 []


Overfull \hbox (9.50653pt too wide) in paragraph at lines 1260--1260
[]|\TU/lmr/m/n/10 0.21|  
 []


Overfull \hbox (9.50653pt too wide) in paragraph at lines 1260--1261
[]|\TU/lmr/m/n/10 0.21|  
 []



[43]
File: Figs/R_figures/surv_age_comp_by_yr_1v2.jpg Graphic file (type bmp)
<Figs/R_figures/surv_age_comp_by_yr_1v2.jpg>
File: Figs/R_figures/surv_age_comp_by_yr_2v2.jpg Graphic file (type bmp)
<Figs/R_figures/surv_age_comp_by_yr_2v2.jpg>
File: Figs/R_figures/surv_age_comp_by_yr_3v2.jpg Graphic file (type bmp)
<Figs/R_figures/surv_age_comp_by_yr_3v2.jpg>
File: Figs/R_figures/fsh_age_comp_by_yr_1v2.jpg Graphic file (type bmp)
<Figs/R_figures/fsh_age_comp_by_yr_1v2.jpg>
File: Figs/R_figures/fsh_age_comp_by_yr_2v2.jpg Graphic file (type bmp)
<Figs/R_figures/fsh_age_comp_by_yr_2v2.jpg>
File: Figs/R_figures/fsh_age_comp_by_yr_3v2.jpg Graphic file (type bmp)
<Figs/R_figures/fsh_age_comp_by_yr_3v2.jpg>
File: Figs/ssb_plot0.png Graphic file (type bmp)
<Figs/ssb_plot0.png>
File: Figs/ssb_plot2.png Graphic file (type bmp)
<Figs/ssb_plot2.png>
File: Figs/ssb_plot_zoom0.png Graphic file (type bmp)
<Figs/ssb_plot_zoom0.png>
File: Figs/ssb_plot_zoom2.png Graphic file (type bmp)
<Figs/ssb_plot_zoom2.png>


[44]

[45]

[46]

[47]

[48]

[49]

[50]

[51]

[52]

[53]
File: Figs/vonBtable.jpg Graphic file (type bmp)
<Figs/vonBtable.jpg>

LaTeX Warning: Float too large for page by 15.1619pt on input line 1368.



[54] (./2024CeattleAssmnt.aux)
 ***********
LaTeX2e <2024-11-01>
L3 programming layer <2024-10-09>
 ***********
 ) 
Here is how much of TeX's memory you used:
 19280 strings out of 476014
 358533 string characters out of 5778594
 959262 words of memory out of 5000000
 41748 multiletter control sequences out of 15000+600000
 564602 words of font info for 87 fonts, out of 8000000 for 9000
 14 hyphenation exceptions out of 8191
 90i,14n,123p,2155b,476s stack positions out of 10000i,1000n,20000p,200000b,200000s

Output written on 2024CeattleAssmnt.pdf (54 pages).
